<?xml version="1.0" encoding="UTF-8"?>
<!-- Generated by org.testng.reporters.JUnitReportReporter -->
<testsuite hostname="Sooraj" failures="0" tests="4" name="api.test.UserTests" time="8.361" errors="0" timestamp="2023-08-24T19:40:48 IST" skipped="0">
  <testcase classname="api.test.UserTests" name="testpostuser" time="3.659"/>
  <testcase classname="api.test.UserTests" name="testreaduser" time="1.782"/>
  <testcase classname="api.test.UserTests" name="testupdateuser" time="1.519"/>
  <testcase classname="api.test.UserTests" name="testdeleteuser" time="1.401"/>
</testsuite> <!-- api.test.UserTests -->
