<?xml version="1.0" encoding="UTF-8"?>
<!-- Generated by org.testng.reporters.JUnitReportReporter -->
<testsuite hostname="Sooraj" failures="0" tests="1" name="day2.different_method_to_send_Requestbody" time="2.417" errors="0" timestamp="2023-08-19T20:46:04 IST" skipped="0">
  <testcase classname="day2.different_method_to_send_Requestbody" name="response_bodyUsing_hashmap" time="2.417"/>
</testsuite> <!-- day2.different_method_to_send_Requestbody -->
