<?xml version="1.0" encoding="UTF-8"?>
<!-- Generated by org.testng.reporters.JUnitReportReporter -->
<testsuite hostname="Sooraj" failures="0" tests="1" name="Day3.Query_Path_parameter" time="1.740" errors="0" timestamp="2023-08-20T18:47:41 IST" skipped="0">
  <testcase classname="Day3.Query_Path_parameter" name="query_path_parameter" time="1.740"/>
</testsuite> <!-- Day3.Query_Path_parameter -->
