<?xml version="1.0" encoding="UTF-8"?>
<!-- Generated by org.testng.reporters.JUnitReportReporter -->
<testsuite hostname="Sooraj" failures="0" tests="1" name="day2_differentMethod_to_send_requestBody.Using_POJO_method" time="2.183" errors="0" timestamp="2023-08-19T22:13:01 IST" skipped="0">
  <testcase classname="day2_differentMethod_to_send_requestBody.Using_POJO_method" name="POJO_method" time="2.183"/>
</testsuite> <!-- day2_differentMethod_to_send_requestBody.Using_POJO_method -->
