<?xml version="1.0" encoding="UTF-8"?>
<!-- Generated by org.testng.reporters.JUnitReportReporter -->
<testsuite hostname="Sooraj" failures="0" tests="1" name="Day3.Cookies_Headers" time="2.195" errors="0" timestamp="2023-08-20T19:08:34 IST" skipped="0">
  <testcase classname="Day3.Cookies_Headers" name="Cookies" time="2.195"/>
</testsuite> <!-- Day3.Cookies_Headers -->
