<?xml version="1.0" encoding="UTF-8"?>
<!-- Generated by org.testng.reporters.JUnitReportReporter -->
<testsuite hostname="Sooraj" failures="0" tests="2" name="day1.httpRequest" time="3.113" errors="0" timestamp="2023-08-19T15:09:12 IST" skipped="0">
  <testcase classname="day1.httpRequest" name="createuser" time="2.800"/>
  <testcase classname="day1.httpRequest" name="getusers" time="0.313"/>
</testsuite> <!-- day1.httpRequest -->
