<?xml version="1.0" encoding="UTF-8"?>
<!-- Generated by org.testng.reporters.JUnitReportReporter -->
<testsuite hostname="Sooraj" failures="0" tests="1" name="Day3.headers" time="2.550" errors="0" timestamp="2023-08-20T19:26:26 IST" skipped="0">
  <testcase classname="Day3.headers" name="headers" time="2.550"/>
</testsuite> <!-- Day3.headers -->
