<?xml version="1.0" encoding="UTF-8"?>
<!-- Generated by org.testng.reporters.JUnitReportReporter -->
<testsuite hostname="Sooraj" failures="0" tests="1" name="day2_differentMethod_to_send_requestBody.Using_org_json" time="2.207" errors="0" timestamp="2023-08-19T21:10:35 IST" skipped="0">
  <testcase classname="day2_differentMethod_to_send_requestBody.Using_org_json" name="response_bodyUsing_hashmap" time="2.207"/>
</testsuite> <!-- day2_differentMethod_to_send_requestBody.Using_org_json -->
