<?xml version="1.0" encoding="UTF-8"?>
<!-- Generated by org.testng.reporters.JUnitReportReporter -->
<testsuite hostname="Sooraj" failures="0" tests="3" name="Day4.ParsingXMLResponse" time="1.383" errors="0" timestamp="2023-08-21T14:15:04 IST" skipped="0">
  <testcase classname="Day4.ParsingXMLResponse" name="parsingxmluseingxmlpathclass" time="1.137"/>
  <testcase classname="Day4.ParsingXMLResponse" name="xmlparsing" time="0.121"/>
  <testcase classname="Day4.ParsingXMLResponse" name="xmlbodyParsining" time="0.125"/>
</testsuite> <!-- Day4.ParsingXMLResponse -->
